Determining if the pthread_create exist failed with the following output:
Change Dir: /home/matthew/PycharmProjects/ROS/arduino_leds/ros/build/CMakeFiles/CMakeTmp

Run Build Command:"/usr/bin/make" "cmTC_83296/fast"
/usr/bin/make -f CMakeFiles/cmTC_83296.dir/build.make CMakeFiles/cmTC_83296.dir/build
make[1]: Entering directory '/home/matthew/PycharmProjects/ROS/arduino_leds/ros/build/CMakeFiles/CMakeTmp'
Building C object CMakeFiles/cmTC_83296.dir/CheckSymbolExists.c.o
/usr/bin/cc     -o CMakeFiles/cmTC_83296.dir/CheckSymbolExists.c.o   -c /home/matthew/PycharmProjects/ROS/arduino_leds/ros/build/CMakeFiles/CMakeTmp/CheckSymbolExists.c
Linking C executable cmTC_83296
/usr/bin/cmake -E cmake_link_script CMakeFiles/cmTC_83296.dir/link.txt --verbose=1
/usr/bin/cc       CMakeFiles/cmTC_83296.dir/CheckSymbolExists.c.o  -o cmTC_83296 -rdynamic 
CMakeFiles/cmTC_83296.dir/CheckSymbolExists.c.o: In function `main':
CheckSymbolExists.c:(.text+0x16): undefined reference to `pthread_create'
collect2: error: ld returned 1 exit status
CMakeFiles/cmTC_83296.dir/build.make:97: recipe for target 'cmTC_83296' failed
make[1]: *** [cmTC_83296] Error 1
make[1]: Leaving directory '/home/matthew/PycharmProjects/ROS/arduino_leds/ros/build/CMakeFiles/CMakeTmp'
Makefile:126: recipe for target 'cmTC_83296/fast' failed
make: *** [cmTC_83296/fast] Error 2

File /home/matthew/PycharmProjects/ROS/arduino_leds/ros/build/CMakeFiles/CMakeTmp/CheckSymbolExists.c:
/* */
#include <pthread.h>

int main(int argc, char** argv)
{
  (void)argv;
#ifndef pthread_create
  return ((int*)(&pthread_create))[argc];
#else
  (void)argc;
  return 0;
#endif
}

Determining if the function pthread_create exists in the pthreads failed with the following output:
Change Dir: /home/matthew/PycharmProjects/ROS/arduino_leds/ros/build/CMakeFiles/CMakeTmp

Run Build Command:"/usr/bin/make" "cmTC_21c7e/fast"
/usr/bin/make -f CMakeFiles/cmTC_21c7e.dir/build.make CMakeFiles/cmTC_21c7e.dir/build
make[1]: Entering directory '/home/matthew/PycharmProjects/ROS/arduino_leds/ros/build/CMakeFiles/CMakeTmp'
Building C object CMakeFiles/cmTC_21c7e.dir/CheckFunctionExists.c.o
/usr/bin/cc    -DCHECK_FUNCTION_EXISTS=pthread_create   -o CMakeFiles/cmTC_21c7e.dir/CheckFunctionExists.c.o   -c /usr/share/cmake-3.5/Modules/CheckFunctionExists.c
Linking C executable cmTC_21c7e
/usr/bin/cmake -E cmake_link_script CMakeFiles/cmTC_21c7e.dir/link.txt --verbose=1
/usr/bin/cc   -DCHECK_FUNCTION_EXISTS=pthread_create    CMakeFiles/cmTC_21c7e.dir/CheckFunctionExists.c.o  -o cmTC_21c7e -rdynamic -lpthreads 
/usr/bin/ld: cannot find -lpthreads
collect2: error: ld returned 1 exit status
CMakeFiles/cmTC_21c7e.dir/build.make:97: recipe for target 'cmTC_21c7e' failed
make[1]: *** [cmTC_21c7e] Error 1
make[1]: Leaving directory '/home/matthew/PycharmProjects/ROS/arduino_leds/ros/build/CMakeFiles/CMakeTmp'
Makefile:126: recipe for target 'cmTC_21c7e/fast' failed
make: *** [cmTC_21c7e/fast] Error 2


